<?xml version="1.0" encoding="UTF-8"?><testrun name="DBTest" project="exDBTest" tests="1" started="1" failures="0" errors="1" ignored="0">
  <testsuite name="com.example.exDBTest.dbTest.DBTest" time="2.023" displayname="DBTest" uniqueid="[engine:junit-jupiter]/[class:com.example.exDBTest.dbTest.DBTest]">
    <testcase name="dbTest" classname="com.example.exDBTest.dbTest.DBTest" time="2.023" displayname="dbTest()" uniqueid="[engine:junit-jupiter]/[class:com.example.exDBTest.dbTest.DBTest]/[method:dbTest()]">
      <error>org.springframework.jdbc.CannotGetJdbcConnectionException: Failed to obtain JDBC Connection&#13;
	at org.springframework.jdbc.datasource.DataSourceUtils.getConnection(DataSourceUtils.java:84)&#13;
	at org.mybatis.spring.transaction.SpringManagedTransaction.openConnection(SpringManagedTransaction.java:80)&#13;
	at org.mybatis.spring.transaction.SpringManagedTransaction.getConnection(SpringManagedTransaction.java:67)&#13;
	at org.apache.ibatis.session.defaults.DefaultSqlSession.getConnection(DefaultSqlSession.java:297)&#13;
	at com.example.exDBTest.dbTest.DBTest.dbTest(DBTest.java:25)&#13;
	at java.base/jdk.internal.reflect.NativeMethodAccessorImpl.invoke0(Native Method)&#13;
	at java.base/jdk.internal.reflect.NativeMethodAccessorImpl.invoke(NativeMethodAccessorImpl.java:77)&#13;
	at java.base/jdk.internal.reflect.DelegatingMethodAccessorImpl.invoke(DelegatingMethodAccessorImpl.java:43)&#13;
	at java.base/java.lang.reflect.Method.invoke(Method.java:568)&#13;
	at org.junit.platform.commons.util.ReflectionUtils.invokeMethod(ReflectionUtils.java:727)&#13;
	at org.junit.jupiter.engine.execution.MethodInvocation.proceed(MethodInvocation.java:60)&#13;
	at org.junit.jupiter.engine.execution.InvocationInterceptorChain$ValidatingInvocation.proceed(InvocationInterceptorChain.java:131)&#13;
	at org.junit.jupiter.engine.extension.TimeoutExtension.intercept(TimeoutExtension.java:156)&#13;
	at org.junit.jupiter.engine.extension.TimeoutExtension.interceptTestableMethod(TimeoutExtension.java:147)&#13;
	at org.junit.jupiter.engine.extension.TimeoutExtension.interceptTestMethod(TimeoutExtension.java:86)&#13;
	at org.junit.jupiter.engine.execution.InterceptingExecutableInvoker$ReflectiveInterceptorCall.lambda$ofVoidMethod$0(InterceptingExecutableInvoker.java:103)&#13;
	at org.junit.jupiter.engine.execution.InterceptingExecutableInvoker.lambda$invoke$0(InterceptingExecutableInvoker.java:93)&#13;
	at org.junit.jupiter.engine.execution.InvocationInterceptorChain$InterceptedInvocation.proceed(InvocationInterceptorChain.java:106)&#13;
	at org.junit.jupiter.engine.execution.InvocationInterceptorChain.proceed(InvocationInterceptorChain.java:64)&#13;
	at org.junit.jupiter.engine.execution.InvocationInterceptorChain.chainAndInvoke(InvocationInterceptorChain.java:45)&#13;
	at org.junit.jupiter.engine.execution.InvocationInterceptorChain.invoke(InvocationInterceptorChain.java:37)&#13;
	at org.junit.jupiter.engine.execution.InterceptingExecutableInvoker.invoke(InterceptingExecutableInvoker.java:92)&#13;
	at org.junit.jupiter.engine.execution.InterceptingExecutableInvoker.invoke(InterceptingExecutableInvoker.java:86)&#13;
	at org.junit.jupiter.engine.descriptor.TestMethodTestDescriptor.lambda$invokeTestMethod$7(TestMethodTestDescriptor.java:217)&#13;
	at org.junit.platform.engine.support.hierarchical.ThrowableCollector.execute(ThrowableCollector.java:73)&#13;
	at org.junit.jupiter.engine.descriptor.TestMethodTestDescriptor.invokeTestMethod(TestMethodTestDescriptor.java:213)&#13;
	at org.junit.jupiter.engine.descriptor.TestMethodTestDescriptor.execute(TestMethodTestDescriptor.java:138)&#13;
	at org.junit.jupiter.engine.descriptor.TestMethodTestDescriptor.execute(TestMethodTestDescriptor.java:68)&#13;
	at org.junit.platform.engine.support.hierarchical.NodeTestTask.lambda$executeRecursively$6(NodeTestTask.java:151)&#13;
	at org.junit.platform.engine.support.hierarchical.ThrowableCollector.execute(ThrowableCollector.java:73)&#13;
	at org.junit.platform.engine.support.hierarchical.NodeTestTask.lambda$executeRecursively$8(NodeTestTask.java:141)&#13;
	at org.junit.platform.engine.support.hierarchical.Node.around(Node.java:137)&#13;
	at org.junit.platform.engine.support.hierarchical.NodeTestTask.lambda$executeRecursively$9(NodeTestTask.java:139)&#13;
	at org.junit.platform.engine.support.hierarchical.ThrowableCollector.execute(ThrowableCollector.java:73)&#13;
	at org.junit.platform.engine.support.hierarchical.NodeTestTask.executeRecursively(NodeTestTask.java:138)&#13;
	at org.junit.platform.engine.support.hierarchical.NodeTestTask.execute(NodeTestTask.java:95)&#13;
	at java.base/java.util.ArrayList.forEach(ArrayList.java:1511)&#13;
	at org.junit.platform.engine.support.hierarchical.SameThreadHierarchicalTestExecutorService.invokeAll(SameThreadHierarchicalTestExecutorService.java:41)&#13;
	at org.junit.platform.engine.support.hierarchical.NodeTestTask.lambda$executeRecursively$6(NodeTestTask.java:155)&#13;
	at org.junit.platform.engine.support.hierarchical.ThrowableCollector.execute(ThrowableCollector.java:73)&#13;
	at org.junit.platform.engine.support.hierarchical.NodeTestTask.lambda$executeRecursively$8(NodeTestTask.java:141)&#13;
	at org.junit.platform.engine.support.hierarchical.Node.around(Node.java:137)&#13;
	at org.junit.platform.engine.support.hierarchical.NodeTestTask.lambda$executeRecursively$9(NodeTestTask.java:139)&#13;
	at org.junit.platform.engine.support.hierarchical.ThrowableCollector.execute(ThrowableCollector.java:73)&#13;
	at org.junit.platform.engine.support.hierarchical.NodeTestTask.executeRecursively(NodeTestTask.java:138)&#13;
	at org.junit.platform.engine.support.hierarchical.NodeTestTask.execute(NodeTestTask.java:95)&#13;
	at java.base/java.util.ArrayList.forEach(ArrayList.java:1511)&#13;
	at org.junit.platform.engine.support.hierarchical.SameThreadHierarchicalTestExecutorService.invokeAll(SameThreadHierarchicalTestExecutorService.java:41)&#13;
	at org.junit.platform.engine.support.hierarchical.NodeTestTask.lambda$executeRecursively$6(NodeTestTask.java:155)&#13;
	at org.junit.platform.engine.support.hierarchical.ThrowableCollector.execute(ThrowableCollector.java:73)&#13;
	at org.junit.platform.engine.support.hierarchical.NodeTestTask.lambda$executeRecursively$8(NodeTestTask.java:141)&#13;
	at org.junit.platform.engine.support.hierarchical.Node.around(Node.java:137)&#13;
	at org.junit.platform.engine.support.hierarchical.NodeTestTask.lambda$executeRecursively$9(NodeTestTask.java:139)&#13;
	at org.junit.platform.engine.support.hierarchical.ThrowableCollector.execute(ThrowableCollector.java:73)&#13;
	at org.junit.platform.engine.support.hierarchical.NodeTestTask.executeRecursively(NodeTestTask.java:138)&#13;
	at org.junit.platform.engine.support.hierarchical.NodeTestTask.execute(NodeTestTask.java:95)&#13;
	at org.junit.platform.engine.support.hierarchical.SameThreadHierarchicalTestExecutorService.submit(SameThreadHierarchicalTestExecutorService.java:35)&#13;
	at org.junit.platform.engine.support.hierarchical.HierarchicalTestExecutor.execute(HierarchicalTestExecutor.java:57)&#13;
	at org.junit.platform.engine.support.hierarchical.HierarchicalTestEngine.execute(HierarchicalTestEngine.java:54)&#13;
	at org.junit.platform.launcher.core.EngineExecutionOrchestrator.execute(EngineExecutionOrchestrator.java:147)&#13;
	at org.junit.platform.launcher.core.EngineExecutionOrchestrator.execute(EngineExecutionOrchestrator.java:127)&#13;
	at org.junit.platform.launcher.core.EngineExecutionOrchestrator.execute(EngineExecutionOrchestrator.java:90)&#13;
	at org.junit.platform.launcher.core.EngineExecutionOrchestrator.lambda$execute$0(EngineExecutionOrchestrator.java:55)&#13;
	at org.junit.platform.launcher.core.EngineExecutionOrchestrator.withInterceptedStreams(EngineExecutionOrchestrator.java:102)&#13;
	at org.junit.platform.launcher.core.EngineExecutionOrchestrator.execute(EngineExecutionOrchestrator.java:54)&#13;
	at org.junit.platform.launcher.core.DefaultLauncher.execute(DefaultLauncher.java:114)&#13;
	at org.junit.platform.launcher.core.DefaultLauncher.execute(DefaultLauncher.java:95)&#13;
	at org.junit.platform.launcher.core.DefaultLauncherSession$DelegatingLauncher.execute(DefaultLauncherSession.java:91)&#13;
	at org.junit.platform.launcher.core.SessionPerRequestLauncher.execute(SessionPerRequestLauncher.java:60)&#13;
	at org.eclipse.jdt.internal.junit5.runner.JUnit5TestReference.run(JUnit5TestReference.java:98)&#13;
	at org.eclipse.jdt.internal.junit.runner.TestExecution.run(TestExecution.java:40)&#13;
	at org.eclipse.jdt.internal.junit.runner.RemoteTestRunner.runTests(RemoteTestRunner.java:529)&#13;
	at org.eclipse.jdt.internal.junit.runner.RemoteTestRunner.runTests(RemoteTestRunner.java:756)&#13;
	at org.eclipse.jdt.internal.junit.runner.RemoteTestRunner.run(RemoteTestRunner.java:452)&#13;
	at org.eclipse.jdt.internal.junit.runner.RemoteTestRunner.main(RemoteTestRunner.java:210)&#13;
Caused by: java.sql.SQLRecoverableException: IO 오류: The Network Adapter could not establish the connection (CONNECTION_ID=0pMxFvNSSl+pfz9cKTbzdA==)&#13;
	at oracle.jdbc.driver.T4CConnection.handleLogonNetException(T4CConnection.java:892)&#13;
	at oracle.jdbc.driver.T4CConnection.logon(T4CConnection.java:697)&#13;
	at oracle.jdbc.driver.PhysicalConnection.connect(PhysicalConnection.java:1047)&#13;
	at oracle.jdbc.driver.T4CDriverExtension.getConnection(T4CDriverExtension.java:89)&#13;
	at oracle.jdbc.driver.OracleDriver.connect(OracleDriver.java:732)&#13;
	at oracle.jdbc.driver.OracleDriver.connect(OracleDriver.java:648)&#13;
	at com.zaxxer.hikari.util.DriverDataSource.getConnection(DriverDataSource.java:138)&#13;
	at com.zaxxer.hikari.pool.PoolBase.newConnection(PoolBase.java:359)&#13;
	at com.zaxxer.hikari.pool.PoolBase.newPoolEntry(PoolBase.java:201)&#13;
	at com.zaxxer.hikari.pool.HikariPool.createPoolEntry(HikariPool.java:470)&#13;
	at com.zaxxer.hikari.pool.HikariPool.checkFailFast(HikariPool.java:561)&#13;
	at com.zaxxer.hikari.pool.HikariPool.&lt;init&gt;(HikariPool.java:100)&#13;
	at com.zaxxer.hikari.HikariDataSource.getConnection(HikariDataSource.java:112)&#13;
	at org.springframework.jdbc.datasource.DataSourceUtils.fetchConnection(DataSourceUtils.java:160)&#13;
	at org.springframework.jdbc.datasource.DataSourceUtils.doGetConnection(DataSourceUtils.java:118)&#13;
	at org.springframework.jdbc.datasource.DataSourceUtils.getConnection(DataSourceUtils.java:81)&#13;
	... 74 more&#13;
Caused by: oracle.net.ns.NetException: The Network Adapter could not establish the connection (CONNECTION_ID=0pMxFvNSSl+pfz9cKTbzdA==)&#13;
	at oracle.net.nt.ConnStrategy.execute(ConnStrategy.java:715)&#13;
	at oracle.net.resolver.AddrResolution.resolveAndExecute(AddrResolution.java:584)&#13;
	at oracle.net.ns.NSProtocol.establishConnection(NSProtocol.java:964)&#13;
	at oracle.net.ns.NSProtocol.connect(NSProtocol.java:350)&#13;
	at oracle.jdbc.driver.T4CConnection.connect(T4CConnection.java:2441)&#13;
	at oracle.jdbc.driver.T4CConnection.logon(T4CConnection.java:656)&#13;
	... 88 more&#13;
Caused by: java.io.IOException: Connection refused: connect, socket connect lapse 0 ms. localhost 1521  30000 (2/2) true&#13;
	at oracle.net.nt.TcpNTAdapter.establishSocket(TcpNTAdapter.java:425)&#13;
	at oracle.net.nt.TcpNTAdapter.doLocalDNSLookupConnect(TcpNTAdapter.java:307)&#13;
	at oracle.net.nt.TcpNTAdapter.connect(TcpNTAdapter.java:269)&#13;
	at oracle.net.nt.ConnOption.connect(ConnOption.java:230)&#13;
	at oracle.net.nt.ConnStrategy.executeConnOption(ConnStrategy.java:1014)&#13;
	at oracle.net.nt.ConnStrategy.execute(ConnStrategy.java:673)&#13;
	... 93 more&#13;
Caused by: java.net.ConnectException: Connection refused: connect&#13;
	at java.base/sun.nio.ch.Net.connect0(Native Method)&#13;
	at java.base/sun.nio.ch.Net.connect(Net.java:579)&#13;
	at java.base/sun.nio.ch.Net.connect(Net.java:586)&#13;
	at java.base/sun.nio.ch.SocketChannelImpl.connect(SocketChannelImpl.java:853)&#13;
	at java.base/java.nio.channels.SocketChannel.open(SocketChannel.java:285)&#13;
	at oracle.net.nt.TimeoutSocketChannel.connect(TimeoutSocketChannel.java:183)&#13;
	at oracle.net.nt.TimeoutSocketChannel.&lt;init&gt;(TimeoutSocketChannel.java:157)&#13;
	at oracle.net.nt.TcpNTAdapter.establishSocket(TcpNTAdapter.java:384)&#13;
	... 98 more&#13;
&#13;
</error>
    </testcase>
  </testsuite>
</testrun>
